Line 10: Class Proyecto1.ucScrollbar of control ucScrollbar1 was not a loaded control class.
Line 26: Class Proyecto1.LabelPlus of control lpItem was not a loaded control class.
Line 17: The property name _ExtentX in ucScrollbar1 is invalid.
Line 18: The property name _ExtentY in ucScrollbar1 is invalid.
Line 19: The property name LargeChange in ucScrollbar1 is invalid.
Line 20: The property name ShowButtons in ucScrollbar1 is invalid.
Line 21: The property name ThemeColor in ucScrollbar1 is invalid.
Line 22: The property name FlatButtons in ucScrollbar1 is invalid.
Line 23: The property name AutoHidden in ucScrollbar1 is invalid.
Line 24: The property name HookContainer in ucScrollbar1 is invalid.
Line 34: The property name _ExtentX in lpItem is invalid.
Line 35: The property name _ExtentY in lpItem is invalid.
Line 36: The property name CaptionAlignmentV in lpItem is invalid.
Line 37: The property name Caption in lpItem is invalid.
Line 38: The property name CaptionPaddingX in lpItem is invalid.
Line 48: The property name PictureAlignmentV in lpItem is invalid.
Line 49: The property name WordWrap in lpItem is invalid.
Line 51: The property name HotLinePosition in lpItem is invalid.
Line 60: The property name IconFont in lpItem is invalid.
Line 61: The property name IconCharCode in lpItem is invalid.
Line 62: The property name IconPaddingX in lpItem is invalid.
Line 63: The property name IconAlignmentV in lpItem is invalid.
Line 64: The property name PictureArr in lpItem is invalid.
